<?xml version="1.0" encoding="UTF-8"?>
<testng-results ignored="0" total="3" passed="3" failed="0" skipped="0">
  <reporter-output>
  </reporter-output>
  <suite started-at="2026-06-05T16:24:54 IST" name="OrangeHRM Suite" finished-at="2026-06-05T16:25:22 IST" duration-ms="28208">
    <groups>
    </groups>
    <test started-at="2026-06-05T16:24:54 IST" name="Login Test" finished-at="2026-06-05T16:25:22 IST" duration-ms="28208">
      <class name="tests.LoginTest">
        <test-method is-config="true" signature="setup()[pri:0, instance:tests.LoginTest@7714e963]" started-at="2026-06-05T16:24:55 IST" name="setup" finished-at="2026-06-05T16:25:09 IST" duration-ms="14633" status="PASS">
          <reporter-output>
          </reporter-output>
        </test-method> <!-- setup -->
        <test-method signature="loginTest(java.lang.String,java.lang.String)[pri:0, instance:tests.LoginTest@7714e963]" started-at="2026-06-05T16:25:09 IST" name="loginTest" data-provider="LoginData" finished-at="2026-06-05T16:25:10 IST" duration-ms="842" status="PASS">
          <params>
            <param index="0">
              <value>
                <![CDATA[Admin]]>
              </value>
            </param>
            <param index="1">
              <value>
                <![CDATA[admin123]]>
              </value>
            </param>
          </params>
          <reporter-output>
          </reporter-output>
        </test-method> <!-- loginTest -->
        <test-method is-config="true" signature="tearDown()[pri:0, instance:tests.LoginTest@7714e963]" started-at="2026-06-05T16:25:10 IST" name="tearDown" finished-at="2026-06-05T16:25:11 IST" duration-ms="348" status="PASS">
          <reporter-output>
          </reporter-output>
        </test-method> <!-- tearDown -->
        <test-method is-config="true" signature="setup()[pri:0, instance:tests.LoginTest@7714e963]" started-at="2026-06-05T16:25:11 IST" name="setup" finished-at="2026-06-05T16:25:15 IST" duration-ms="4306" status="PASS">
          <reporter-output>
          </reporter-output>
        </test-method> <!-- setup -->
        <test-method signature="loginTest(java.lang.String,java.lang.String)[pri:0, instance:tests.LoginTest@7714e963]" started-at="2026-06-05T16:25:15 IST" name="loginTest" data-provider="LoginData" finished-at="2026-06-05T16:25:16 IST" duration-ms="825" status="PASS">
          <params>
            <param index="0">
              <value>
                <![CDATA[Admin]]>
              </value>
            </param>
            <param index="1">
              <value>
                <![CDATA[wrong123]]>
              </value>
            </param>
          </params>
          <reporter-output>
          </reporter-output>
        </test-method> <!-- loginTest -->
        <test-method is-config="true" signature="tearDown()[pri:0, instance:tests.LoginTest@7714e963]" started-at="2026-06-05T16:25:16 IST" name="tearDown" finished-at="2026-06-05T16:25:16 IST" duration-ms="269" status="PASS">
          <reporter-output>
          </reporter-output>
        </test-method> <!-- tearDown -->
        <test-method is-config="true" signature="setup()[pri:0, instance:tests.LoginTest@7714e963]" started-at="2026-06-05T16:25:16 IST" name="setup" finished-at="2026-06-05T16:25:21 IST" duration-ms="4886" status="PASS">
          <reporter-output>
          </reporter-output>
        </test-method> <!-- setup -->
        <test-method signature="loginTest(java.lang.String,java.lang.String)[pri:0, instance:tests.LoginTest@7714e963]" started-at="2026-06-05T16:25:21 IST" name="loginTest" data-provider="LoginData" finished-at="2026-06-05T16:25:22 IST" duration-ms="882" status="PASS">
          <params>
            <param index="0">
              <value>
                <![CDATA[Test]]>
              </value>
            </param>
            <param index="1">
              <value>
                <![CDATA[admin123]]>
              </value>
            </param>
          </params>
          <reporter-output>
          </reporter-output>
        </test-method> <!-- loginTest -->
        <test-method is-config="true" signature="tearDown()[pri:0, instance:tests.LoginTest@7714e963]" started-at="2026-06-05T16:25:22 IST" name="tearDown" finished-at="2026-06-05T16:25:22 IST" duration-ms="190" status="PASS">
          <reporter-output>
          </reporter-output>
        </test-method> <!-- tearDown -->
      </class> <!-- tests.LoginTest -->
    </test> <!-- Login Test -->
  </suite> <!-- OrangeHRM Suite -->
</testng-results>
