<?xml version="1.0" encoding="UTF-8"?>
<!-- Generated by org.testng.reporters.JUnitReportReporter -->
<testsuite hostname="BT-2105906" failures="0" tests="2" name="Assi_Day_23.SauceDemoEcommerceFlow" time="26.311" errors="0" timestamp="2026-05-20T10:16:15 IST" skipped="0">
  <testcase classname="Assi_Day_23.SauceDemoEcommerceFlow" name="loginTest" time="5.344"/>
  <testcase classname="Assi_Day_23.SauceDemoEcommerceFlow" name="searchAndProductValidation" time="20.967"/>
</testsuite> <!-- Assi_Day_23.SauceDemoEcommerceFlow -->
