<?xml version="1.0" encoding="UTF-8"?>
<!-- Generated by org.testng.reporters.JUnitReportReporter -->
<testsuite hostname="BT-2105906" failures="0" tests="3" name="Day_23.SauceDemo" time="6.285" errors="0" timestamp="2026-05-19T15:35:48 IST" skipped="0">
  <testcase classname="Day_23.SauceDemo" name="verifyLoginPageTitle" time="1.678"/>
  <testcase classname="Day_23.SauceDemo" name="loginTest" time="2.668"/>
  <testcase classname="Day_23.SauceDemo" name="verifyProductPage" time="1.939"/>
</testsuite> <!-- Day_23.SauceDemo -->
