<?xml version="1.0" encoding="UTF-8"?>
<!-- Generated by org.testng.reporters.JUnitReportReporter -->
<testsuite hostname="BT-2105906" failures="0" tests="3" name="tests.LoginTest" time="27.181" errors="0" timestamp="2026-06-05T16:25:22 IST" skipped="0">
  <testcase classname="tests.LoginTest" name="loginTest" time="6.116"/>
  <testcase classname="tests.LoginTest" name="loginTest" time="15.648"/>
  <testcase classname="tests.LoginTest" name="loginTest" time="5.417"/>
</testsuite> <!-- tests.LoginTest -->
