<?xml version="1.0" encoding="UTF-8"?>
<testng-results ignored="0" total="12" passed="12" failed="0" skipped="0">
  <reporter-output>
  </reporter-output>
  <suite started-at="2026-05-25T18:57:43 IST" name="API CRUD Suite" finished-at="2026-05-25T18:57:54 IST" duration-ms="11150">
    <groups>
    </groups>
    <test started-at="2026-05-25T18:57:43 IST" name="CRUD API Test" finished-at="2026-05-25T18:57:54 IST" duration-ms="11150">
      <class name="DP_Day_28.CRUDOperationTest">
        <test-method is-config="true" signature="setup()[pri:0, instance:DP_Day_28.CRUDOperationTest@123ef382]" started-at="2026-05-25T18:57:43 IST" name="setup" finished-at="2026-05-25T18:57:43 IST" duration-ms="190" status="PASS">
          <reporter-output>
          </reporter-output>
        </test-method> <!-- setup -->
        <test-method signature="createUser(java.lang.String,java.lang.String,java.lang.String,java.lang.String)[pri:1, instance:DP_Day_28.CRUDOperationTest@123ef382]" started-at="2026-05-25T18:57:44 IST" name="createUser" data-provider="userdata" finished-at="2026-05-25T18:57:46 IST" duration-ms="2245" status="PASS">
          <params>
            <param index="0">
              <value>
                <![CDATA[101]]>
              </value>
            </param>
            <param index="1">
              <value>
                <![CDATA[Aarav]]>
              </value>
            </param>
            <param index="2">
              <value>
                <![CDATA[Sharma]]>
              </value>
            </param>
            <param index="3">
              <value>
                <![CDATA[23]]>
              </value>
            </param>
          </params>
          <reporter-output>
          </reporter-output>
        </test-method> <!-- createUser -->
        <test-method signature="createUser(java.lang.String,java.lang.String,java.lang.String,java.lang.String)[pri:1, instance:DP_Day_28.CRUDOperationTest@123ef382]" started-at="2026-05-25T18:57:46 IST" name="createUser" data-provider="userdata" finished-at="2026-05-25T18:57:47 IST" duration-ms="651" status="PASS">
          <params>
            <param index="0">
              <value>
                <![CDATA[102]]>
              </value>
            </param>
            <param index="1">
              <value>
                <![CDATA[Vivaan]]>
              </value>
            </param>
            <param index="2">
              <value>
                <![CDATA[Das]]>
              </value>
            </param>
            <param index="3">
              <value>
                <![CDATA[25]]>
              </value>
            </param>
          </params>
          <reporter-output>
          </reporter-output>
        </test-method> <!-- createUser -->
        <test-method signature="createUser(java.lang.String,java.lang.String,java.lang.String,java.lang.String)[pri:1, instance:DP_Day_28.CRUDOperationTest@123ef382]" started-at="2026-05-25T18:57:47 IST" name="createUser" data-provider="userdata" finished-at="2026-05-25T18:57:47 IST" duration-ms="628" status="PASS">
          <params>
            <param index="0">
              <value>
                <![CDATA[103]]>
              </value>
            </param>
            <param index="1">
              <value>
                <![CDATA[Aarav]]>
              </value>
            </param>
            <param index="2">
              <value>
                <![CDATA[Roy]]>
              </value>
            </param>
            <param index="3">
              <value>
                <![CDATA[21]]>
              </value>
            </param>
          </params>
          <reporter-output>
          </reporter-output>
        </test-method> <!-- createUser -->
        <test-method signature="createUser(java.lang.String,java.lang.String,java.lang.String,java.lang.String)[pri:1, instance:DP_Day_28.CRUDOperationTest@123ef382]" started-at="2026-05-25T18:57:47 IST" name="createUser" data-provider="userdata" finished-at="2026-05-25T18:57:48 IST" duration-ms="637" status="PASS">
          <params>
            <param index="0">
              <value>
                <![CDATA[104]]>
              </value>
            </param>
            <param index="1">
              <value>
                <![CDATA[Ishaan]]>
              </value>
            </param>
            <param index="2">
              <value>
                <![CDATA[Mukherjee]]>
              </value>
            </param>
            <param index="3">
              <value>
                <![CDATA[24]]>
              </value>
            </param>
          </params>
          <reporter-output>
          </reporter-output>
        </test-method> <!-- createUser -->
        <test-method signature="createUser(java.lang.String,java.lang.String,java.lang.String,java.lang.String)[pri:1, instance:DP_Day_28.CRUDOperationTest@123ef382]" started-at="2026-05-25T18:57:48 IST" name="createUser" data-provider="userdata" finished-at="2026-05-25T18:57:49 IST" duration-ms="651" status="PASS">
          <params>
            <param index="0">
              <value>
                <![CDATA[105]]>
              </value>
            </param>
            <param index="1">
              <value>
                <![CDATA[Priya]]>
              </value>
            </param>
            <param index="2">
              <value>
                <![CDATA[Sen]]>
              </value>
            </param>
            <param index="3">
              <value>
                <![CDATA[22]]>
              </value>
            </param>
          </params>
          <reporter-output>
          </reporter-output>
        </test-method> <!-- createUser -->
        <test-method signature="getUser(java.lang.String,java.lang.String,java.lang.String,java.lang.String)[pri:2, instance:DP_Day_28.CRUDOperationTest@123ef382]" started-at="2026-05-25T18:57:49 IST" name="getUser" data-provider="userdata" finished-at="2026-05-25T18:57:49 IST" duration-ms="599" status="PASS">
          <params>
            <param index="0">
              <value>
                <![CDATA[101]]>
              </value>
            </param>
            <param index="1">
              <value>
                <![CDATA[Aarav]]>
              </value>
            </param>
            <param index="2">
              <value>
                <![CDATA[Sharma]]>
              </value>
            </param>
            <param index="3">
              <value>
                <![CDATA[23]]>
              </value>
            </param>
          </params>
          <reporter-output>
          </reporter-output>
        </test-method> <!-- getUser -->
        <test-method signature="getUser(java.lang.String,java.lang.String,java.lang.String,java.lang.String)[pri:2, instance:DP_Day_28.CRUDOperationTest@123ef382]" started-at="2026-05-25T18:57:49 IST" name="getUser" data-provider="userdata" finished-at="2026-05-25T18:57:50 IST" duration-ms="599" status="PASS">
          <params>
            <param index="0">
              <value>
                <![CDATA[102]]>
              </value>
            </param>
            <param index="1">
              <value>
                <![CDATA[Vivaan]]>
              </value>
            </param>
            <param index="2">
              <value>
                <![CDATA[Das]]>
              </value>
            </param>
            <param index="3">
              <value>
                <![CDATA[25]]>
              </value>
            </param>
          </params>
          <reporter-output>
          </reporter-output>
        </test-method> <!-- getUser -->
        <test-method signature="getUser(java.lang.String,java.lang.String,java.lang.String,java.lang.String)[pri:2, instance:DP_Day_28.CRUDOperationTest@123ef382]" started-at="2026-05-25T18:57:50 IST" name="getUser" data-provider="userdata" finished-at="2026-05-25T18:57:51 IST" duration-ms="686" status="PASS">
          <params>
            <param index="0">
              <value>
                <![CDATA[103]]>
              </value>
            </param>
            <param index="1">
              <value>
                <![CDATA[Aarav]]>
              </value>
            </param>
            <param index="2">
              <value>
                <![CDATA[Roy]]>
              </value>
            </param>
            <param index="3">
              <value>
                <![CDATA[21]]>
              </value>
            </param>
          </params>
          <reporter-output>
          </reporter-output>
        </test-method> <!-- getUser -->
        <test-method signature="getUser(java.lang.String,java.lang.String,java.lang.String,java.lang.String)[pri:2, instance:DP_Day_28.CRUDOperationTest@123ef382]" started-at="2026-05-25T18:57:51 IST" name="getUser" data-provider="userdata" finished-at="2026-05-25T18:57:51 IST" duration-ms="552" status="PASS">
          <params>
            <param index="0">
              <value>
                <![CDATA[104]]>
              </value>
            </param>
            <param index="1">
              <value>
                <![CDATA[Ishaan]]>
              </value>
            </param>
            <param index="2">
              <value>
                <![CDATA[Mukherjee]]>
              </value>
            </param>
            <param index="3">
              <value>
                <![CDATA[24]]>
              </value>
            </param>
          </params>
          <reporter-output>
          </reporter-output>
        </test-method> <!-- getUser -->
        <test-method signature="getUser(java.lang.String,java.lang.String,java.lang.String,java.lang.String)[pri:2, instance:DP_Day_28.CRUDOperationTest@123ef382]" started-at="2026-05-25T18:57:51 IST" name="getUser" data-provider="userdata" finished-at="2026-05-25T18:57:52 IST" duration-ms="560" status="PASS">
          <params>
            <param index="0">
              <value>
                <![CDATA[105]]>
              </value>
            </param>
            <param index="1">
              <value>
                <![CDATA[Priya]]>
              </value>
            </param>
            <param index="2">
              <value>
                <![CDATA[Sen]]>
              </value>
            </param>
            <param index="3">
              <value>
                <![CDATA[22]]>
              </value>
            </param>
          </params>
          <reporter-output>
          </reporter-output>
        </test-method> <!-- getUser -->
        <test-method signature="updateUser()[pri:3, instance:DP_Day_28.CRUDOperationTest@123ef382]" started-at="2026-05-25T18:57:52 IST" name="updateUser" finished-at="2026-05-25T18:57:53 IST" duration-ms="1435" status="PASS">
          <reporter-output>
          </reporter-output>
        </test-method> <!-- updateUser -->
        <test-method signature="deleteUser()[pri:4, instance:DP_Day_28.CRUDOperationTest@123ef382]" started-at="2026-05-25T18:57:53 IST" name="deleteUser" finished-at="2026-05-25T18:57:54 IST" duration-ms="530" status="PASS">
          <reporter-output>
          </reporter-output>
        </test-method> <!-- deleteUser -->
        <test-method is-config="true" signature="tearDown()[pri:0, instance:DP_Day_28.CRUDOperationTest@123ef382]" started-at="2026-05-25T18:57:54 IST" name="tearDown" finished-at="2026-05-25T18:57:54 IST" duration-ms="421" status="PASS">
          <reporter-output>
          </reporter-output>
        </test-method> <!-- tearDown -->
      </class> <!-- DP_Day_28.CRUDOperationTest -->
    </test> <!-- CRUD API Test -->
  </suite> <!-- API CRUD Suite -->
</testng-results>
