<?xml version="1.0" encoding="UTF-8"?>
<!-- Generated by org.testng.reporters.JUnitReportReporter -->
<testsuite hostname="BT-2105906" failures="0" tests="12" name="RestAPITesting.CRUDOperationTest" time="9.181" errors="0" timestamp="2026-05-25T18:53:09 IST" skipped="0">
  <testcase classname="RestAPITesting.CRUDOperationTest" name="createUser" time="0.532"/>
  <testcase classname="RestAPITesting.CRUDOperationTest" name="createUser" time="2.431"/>
  <testcase classname="RestAPITesting.CRUDOperationTest" name="createUser" time="0.651"/>
  <testcase classname="RestAPITesting.CRUDOperationTest" name="createUser" time="0.739"/>
  <testcase classname="RestAPITesting.CRUDOperationTest" name="createUser" time="0.624"/>
  <testcase classname="RestAPITesting.CRUDOperationTest" name="getUser" time="0.533"/>
  <testcase classname="RestAPITesting.CRUDOperationTest" name="getUser" time="0.592"/>
  <testcase classname="RestAPITesting.CRUDOperationTest" name="getUser" time="0.716"/>
  <testcase classname="RestAPITesting.CRUDOperationTest" name="getUser" time="0.622"/>
  <testcase classname="RestAPITesting.CRUDOperationTest" name="getUser" time="0.643"/>
  <testcase classname="RestAPITesting.CRUDOperationTest" name="updateUser" time="0.531"/>
  <testcase classname="RestAPITesting.CRUDOperationTest" name="deleteUser" time="0.567"/>
</testsuite> <!-- RestAPITesting.CRUDOperationTest -->
