<?xml version="1.0" encoding="UTF-8"?>
<testng-results ignored="0" total="1" passed="1" failed="0" skipped="0">
  <reporter-output>
  </reporter-output>
  <suite started-at="2026-06-01T16:48:20 IST" name="OrangeHRM Suite" finished-at="2026-06-01T16:48:40 IST" duration-ms="19557">
    <groups>
    </groups>
    <test started-at="2026-06-01T16:48:20 IST" name="Login Test" finished-at="2026-06-01T16:48:40 IST" duration-ms="19557">
      <class name="tests.LoginTest">
        <test-method is-config="true" signature="setup()[pri:0, instance:tests.LoginTest@2145b572]" started-at="2026-06-01T16:48:20 IST" name="setup" finished-at="2026-06-01T16:48:27 IST" duration-ms="6704" status="PASS">
          <reporter-output>
          </reporter-output>
        </test-method> <!-- setup -->
        <test-method signature="verifyLogin()[pri:0, instance:tests.LoginTest@2145b572]" started-at="2026-06-01T16:48:27 IST" name="verifyLogin" finished-at="2026-06-01T16:48:39 IST" duration-ms="12532" status="PASS">
          <reporter-output>
          </reporter-output>
        </test-method> <!-- verifyLogin -->
        <test-method is-config="true" signature="tearDown()[pri:0, instance:tests.LoginTest@2145b572]" started-at="2026-06-01T16:48:39 IST" name="tearDown" finished-at="2026-06-01T16:48:40 IST" duration-ms="252" status="PASS">
          <reporter-output>
          </reporter-output>
        </test-method> <!-- tearDown -->
      </class> <!-- tests.LoginTest -->
    </test> <!-- Login Test -->
  </suite> <!-- OrangeHRM Suite -->
</testng-results>
