<?xml version="1.0" encoding="UTF-8"?>
<!-- Generated by org.testng.reporters.JUnitXMLReporter -->
<testsuite ignored="0" hostname="BT-2105906" failures="0" tests="12" name="CRUD API Test" time="11.15" errors="0" timestamp="2026-05-25T18:57:54 IST">
  <testcase classname="DP_Day_28.CRUDOperationTest" name="createUser" time="2.245"/>
  <testcase classname="DP_Day_28.CRUDOperationTest" name="createUser" time="0.651"/>
  <testcase classname="DP_Day_28.CRUDOperationTest" name="createUser" time="0.628"/>
  <testcase classname="DP_Day_28.CRUDOperationTest" name="createUser" time="0.637"/>
  <testcase classname="DP_Day_28.CRUDOperationTest" name="createUser" time="0.651"/>
  <testcase classname="DP_Day_28.CRUDOperationTest" name="getUser" time="0.599"/>
  <testcase classname="DP_Day_28.CRUDOperationTest" name="getUser" time="0.599"/>
  <testcase classname="DP_Day_28.CRUDOperationTest" name="getUser" time="0.686"/>
  <testcase classname="DP_Day_28.CRUDOperationTest" name="getUser" time="0.552"/>
  <testcase classname="DP_Day_28.CRUDOperationTest" name="getUser" time="0.56"/>
  <testcase classname="DP_Day_28.CRUDOperationTest" name="updateUser" time="1.435"/>
  <testcase classname="DP_Day_28.CRUDOperationTest" name="deleteUser" time="0.53"/>
</testsuite> <!-- CRUD API Test -->
